# JRE version: OpenJDK Runtime Environment Temurin-21.0.1+12 (21.0.1+12) (build 21.0.1+12-LTS)
# Java VM: OpenJDK 64-Bit Server VM Temurin-21.0.1+12 (21.0.1+12-LTS, mixed mode, tiered, compressed oops, compressed class ptrs, g1 gc, windows-amd64)
GC Precious Log:
 CardTable entry size: 512
 Card Set container configuration: InlinePtr #cards 5 size 8 Array Of Cards #cards 12 size 40 Howl #buckets 4 coarsen threshold 1843 Howl Bitmap #cards 512 size 80 coarsen threshold 460 Card regions per heap region 1 cards per card region 2048
 CPUs: 8 total, 8 available
 Memory: 6077M
 Large Page Support: Disabled
 NUMA Support: Disabled
 Compressed Oops: Enabled (32-bit)
 Heap Region Size: 1M
 Heap Min Capacity: 8M
 Heap Initial Capacity: 96M
 Heap Max Capacity: 1520M
 Pre-touch: Disabled
 Parallel Workers: 8
 Concurrent Workers: 2
 Concurrent Refinement Workers: 8
 Periodic GC: Disabled
Heap:
 garbage-first heap   total 37888K, used 19201K [0x00000000a1000000, 0x0000000100000000)
  region size 1024K, 7 young (7168K), 1 survivors (1024K)
 Metaspace       used 36983K, committed 37568K, reserved 1114112K
  class space    used 4167K, committed 4480K, reserved 1048576K
GC Heap History (12 events):
Event: 3.730 GC heap before
{Heap before GC invocations=0 (full 0):
 garbage-first heap   total 98304K, used 22528K [0x00000000a1000000, 0x0000000100000000)
  region size 1024K, 23 young (23552K), 0 survivors (0K)
 Metaspace       used 15684K, committed 16000K, reserved 1114112K
  class space    used 1516K, committed 1664K, reserved 1048576K
}
Event: 3.744 GC heap after
{Heap after GC invocations=1 (full 0):
 garbage-first heap   total 98304K, used 7730K [0x00000000a1000000, 0x0000000100000000)
  region size 1024K, 3 young (3072K), 3 survivors (3072K)
 Metaspace       used 15684K, committed 16000K, reserved 1114112K
  class space    used 1516K, committed 1664K, reserved 1048576K
}
Event: 5.085 GC heap before
{Heap before GC invocations=1 (full 0):
 garbage-first heap   total 98304K, used 26162K [0x00000000a1000000, 0x0000000100000000)
  region size 1024K, 23 young (23552K), 3 survivors (3072K)
 Metaspace       used 21202K, committed 21504K, reserved 1114112K
  class space    used 2146K, committed 2304K, reserved 1048576K
}
Event: 5.094 GC heap after
{Heap after GC invocations=2 (full 0):
 garbage-first heap   total 98304K, used 9869K [0x00000000a1000000, 0x0000000100000000)
  region size 1024K, 2 young (2048K), 2 survivors (2048K)
 Metaspace       used 21202K, committed 21504K, reserved 1114112K
  class space    used 2146K, committed 2304K, reserved 1048576K
}
Event: 6.645 GC heap before
{Heap before GC invocations=3 (full 0):
 garbage-first heap   total 37888K, used 30349K [0x00000000a1000000, 0x0000000100000000)
  region size 1024K, 22 young (22528K), 2 survivors (2048K)
 Metaspace       used 25938K, committed 26432K, reserved 1114112K
  class space    used 2804K, committed 3008K, reserved 1048576K
}
Event: 6.654 GC heap after
{Heap after GC invocations=4 (full 0):
 garbage-first heap   total 37888K, used 11275K [0x00000000a1000000, 0x0000000100000000)
  region size 1024K, 2 young (2048K), 2 survivors (2048K)
 Metaspace       used 25938K, committed 26432K, reserved 1114112K
  class space    used 2804K, committed 3008K, reserved 1048576K
}
Event: 12.020 GC heap before
{Heap before GC invocations=4 (full 0):
 garbage-first heap   total 37888K, used 25611K [0x00000000a1000000, 0x0000000100000000)
  region size 1024K, 17 young (17408K), 2 survivors (2048K)
 Metaspace       used 31132K, committed 31616K, reserved 1114112K
  class space    used 3426K, committed 3648K, reserved 1048576K
}
Event: 12.029 GC heap after
{Heap after GC invocations=5 (full 0):
 garbage-first heap   total 37888K, used 14075K [0x00000000a1000000, 0x0000000100000000)
  region size 1024K, 3 young (3072K), 3 survivors (3072K)
 Metaspace       used 31132K, committed 31616K, reserved 1114112K
  class space    used 3426K, committed 3648K, reserved 1048576K
}
Event: 22.045 GC heap before
{Heap before GC invocations=5 (full 0):
 garbage-first heap   total 37888K, used 28411K [0x00000000a1000000, 0x0000000100000000)
  region size 1024K, 17 young (17408K), 3 survivors (3072K)
 Metaspace       used 34965K, committed 35456K, reserved 1114112K
  class space    used 3939K, committed 4160K, reserved 1048576K
}
Event: 22.054 GC heap after
{Heap after GC invocations=6 (full 0):
 garbage-first heap   total 37888K, used 14883K [0x00000000a1000000, 0x0000000100000000)
  region size 1024K, 2 young (2048K), 2 survivors (2048K)
 Metaspace       used 34965K, committed 35456K, reserved 1114112K
  class space    used 3939K, committed 4160K, reserved 1048576K
}
Event: 22.387 GC heap before
{Heap before GC invocations=6 (full 0):
 garbage-first heap   total 37888K, used 16931K [0x00000000a1000000, 0x0000000100000000)
  region size 1024K, 5 young (5120K), 2 survivors (2048K)
 Metaspace       used 35483K, committed 35968K, reserved 1114112K
  class space    used 4003K, committed 4224K, reserved 1048576K
}
Event: 22.391 GC heap after
{Heap after GC invocations=7 (full 0):
 garbage-first heap   total 37888K, used 15105K [0x00000000a1000000, 0x0000000100000000)
  region size 1024K, 1 young (1024K), 1 survivors (1024K)
 Metaspace       used 35483K, committed 35968K, reserved 1114112K
  class space    used 4003K, committed 4224K, reserved 1048576K
}

