<?xml version="1.0" encoding="UTF-8"?>
<!-- Generated by org.testng.reporters.JUnitXMLReporter -->
<testsuite ignored="4" hostname="LTIN209057" failures="0" tests="10" name="Test" time="160.171" errors="0" timestamp="2024-03-10T16:20:31 IST">
  <testcase classname="test_case.TC001" name="searching" time="13.641"/>
  <testcase classname="test_case.TC001" name="clicking" time="1.096"/>
  <testcase classname="test_case.TC001" name="course1" time="17.421"/>
  <testcase classname="test_case.TC001" name="course2" time="17.388"/>
  <testcase classname="test_case.TC002" name="searching" time="19.347"/>
  <testcase classname="test_case.TC002" name="getLangLvl" time="10.282"/>
  <testcase classname="test_case.TC003" name="clickenterprises" time="13.753"/>
  <testcase classname="test_case.TC003" name="clickoffer" time="6.837"/>
  <testcase classname="test_case.TC003" name="clickcourse" time="10.409"/>
  <testcase classname="test_case.TC003" name="fillForm" time="10.837"/>
  <testcase classname="test_base.BaseClass" name="@BeforeTest getDriver" time="0.0">
    <ignored/>
  </testcase> <!-- @BeforeTest getDriver -->
  <testcase classname="test_base.BaseClass" name="@AfterTest tearDown" time="0.0">
    <ignored/>
  </testcase> <!-- @AfterTest tearDown -->
  <testcase classname="test_base.BaseClass" name="@BeforeTest getDriver" time="0.0">
    <ignored/>
  </testcase> <!-- @BeforeTest getDriver -->
  <testcase classname="test_base.BaseClass" name="@AfterTest tearDown" time="0.0">
    <ignored/>
  </testcase> <!-- @AfterTest tearDown -->
</testsuite> <!-- Test -->
