<?xml version="1.0" encoding="UTF-8"?>
<!-- Generated by org.testng.reporters.JUnitXMLReporter -->
<testsuite ignored="4" hostname="LTIN209057" failures="0" tests="10" name="Test" time="296.821" errors="0" timestamp="2024-03-10T22:12:58 IST">
  <testcase classname="test_case.TC001" name="search_webDevelopment" time="13.932"/>
  <testcase classname="test_case.TC001" name="select_english_and_beginner" time="0.969"/>
  <testcase classname="test_case.TC001" name="get_course1_details" time="13.175"/>
  <testcase classname="test_case.TC001" name="get_course2_details" time="12.596"/>
  <testcase classname="test_case.TC002" name="search_languageLearning" time="19.418"/>
  <testcase classname="test_case.TC002" name="get_Languages_Levels_and_count" time="13.941"/>
  <testcase classname="test_case.TC003" name="click_enterprises" time="18.127"/>
  <testcase classname="test_case.TC003" name="click_offer" time="11.26"/>
  <testcase classname="test_case.TC003" name="click_course" time="26.604"/>
  <testcase classname="test_case.TC003" name="fill_form" time="31.12"/>
  <testcase classname="test_base.BaseClass" name="@AfterTest tearDown" time="0.0">
    <ignored/>
  </testcase> <!-- @AfterTest tearDown -->
  <testcase classname="test_base.BaseClass" name="@BeforeTest getDriver" time="0.0">
    <ignored/>
  </testcase> <!-- @BeforeTest getDriver -->
  <testcase classname="test_base.BaseClass" name="@AfterTest tearDown" time="0.0">
    <ignored/>
  </testcase> <!-- @AfterTest tearDown -->
  <testcase classname="test_base.BaseClass" name="@BeforeTest getDriver" time="0.0">
    <ignored/>
  </testcase> <!-- @BeforeTest getDriver -->
</testsuite> <!-- Test -->
