<?xml version="1.0" encoding="UTF-8"?>
<testng-results ignored="0" total="10" passed="10" failed="0" skipped="0">
  <reporter-output>
  </reporter-output>
  <suite started-at="2024-03-10T22:07:49 IST" name="Suite" finished-at="2024-03-10T22:12:46 IST" duration-ms="296821">
    <groups>
    </groups>
    <test started-at="2024-03-10T22:07:49 IST" name="Test" finished-at="2024-03-10T22:12:46 IST" duration-ms="296821">
      <class name="test_case.TC001">
        <test-method is-config="true" signature="getDriver(java.lang.String,java.lang.String)[pri:0, instance:test_case.TC001@131774fe]" started-at="2024-03-10T22:07:50 IST" name="getDriver" finished-at="2024-03-10T22:09:52 IST" duration-ms="122010" status="PASS">
          <params>
            <param index="0">
              <value>
                <![CDATA[windows]]>
              </value>
            </param>
            <param index="1">
              <value>
                <![CDATA[chrome]]>
              </value>
            </param>
          </params>
          <reporter-output>
          </reporter-output>
        </test-method> <!-- getDriver -->
        <test-method signature="search_webDevelopment()[pri:1, instance:test_case.TC001@131774fe]" started-at="2024-03-10T22:09:52 IST" name="search_webDevelopment" finished-at="2024-03-10T22:10:06 IST" duration-ms="13932" status="PASS">
          <reporter-output>
          </reporter-output>
        </test-method> <!-- search_webDevelopment -->
        <test-method signature="select_english_and_beginner()[pri:2, instance:test_case.TC001@131774fe]" started-at="2024-03-10T22:10:07 IST" name="select_english_and_beginner" finished-at="2024-03-10T22:10:07 IST" duration-ms="969" status="PASS">
          <reporter-output>
          </reporter-output>
        </test-method> <!-- select_english_and_beginner -->
        <test-method signature="get_course1_details()[pri:3, instance:test_case.TC001@131774fe]" started-at="2024-03-10T22:10:08 IST" name="get_course1_details" finished-at="2024-03-10T22:10:21 IST" duration-ms="13175" status="PASS">
          <reporter-output>
          </reporter-output>
        </test-method> <!-- get_course1_details -->
        <test-method signature="get_course2_details()[pri:4, instance:test_case.TC001@131774fe]" started-at="2024-03-10T22:10:22 IST" name="get_course2_details" finished-at="2024-03-10T22:10:35 IST" duration-ms="12596" status="PASS">
          <reporter-output>
          </reporter-output>
        </test-method> <!-- get_course2_details -->
        <test-method is-config="true" signature="tearDown()[pri:0, instance:test_case.TC001@131774fe]" started-at="2024-03-10T22:12:42 IST" name="tearDown" finished-at="2024-03-10T22:12:46 IST" duration-ms="3893" status="PASS">
          <reporter-output>
          </reporter-output>
        </test-method> <!-- tearDown -->
      </class> <!-- test_case.TC001 -->
      <class name="test_case.TC003">
        <test-method signature="click_enterprises()[pri:1, instance:test_case.TC003@6adbc9d]" started-at="2024-03-10T22:11:11 IST" name="click_enterprises" finished-at="2024-03-10T22:11:29 IST" duration-ms="18127" status="PASS">
          <reporter-output>
          </reporter-output>
        </test-method> <!-- click_enterprises -->
        <test-method signature="click_offer()[pri:2, instance:test_case.TC003@6adbc9d]" started-at="2024-03-10T22:11:30 IST" name="click_offer" finished-at="2024-03-10T22:11:41 IST" duration-ms="11260" status="PASS">
          <reporter-output>
          </reporter-output>
        </test-method> <!-- click_offer -->
        <test-method signature="click_course()[pri:3, instance:test_case.TC003@6adbc9d]" started-at="2024-03-10T22:11:42 IST" name="click_course" finished-at="2024-03-10T22:12:09 IST" duration-ms="26604" status="PASS">
          <reporter-output>
          </reporter-output>
        </test-method> <!-- click_course -->
        <test-method signature="fill_form()[pri:4, instance:test_case.TC003@6adbc9d]" started-at="2024-03-10T22:12:10 IST" name="fill_form" finished-at="2024-03-10T22:12:41 IST" duration-ms="31120" status="PASS">
          <reporter-output>
          </reporter-output>
        </test-method> <!-- fill_form -->
      </class> <!-- test_case.TC003 -->
      <class name="test_case.TC002">
        <test-method signature="search_languageLearning()[pri:1, instance:test_case.TC002@c8c12ac]" started-at="2024-03-10T22:10:35 IST" name="search_languageLearning" finished-at="2024-03-10T22:10:55 IST" duration-ms="19418" status="PASS">
          <reporter-output>
          </reporter-output>
        </test-method> <!-- search_languageLearning -->
        <test-method signature="get_Languages_Levels_and_count()[pri:2, instance:test_case.TC002@c8c12ac]" started-at="2024-03-10T22:10:55 IST" name="get_Languages_Levels_and_count" finished-at="2024-03-10T22:11:09 IST" duration-ms="13941" status="PASS">
          <reporter-output>
          </reporter-output>
        </test-method> <!-- get_Languages_Levels_and_count -->
      </class> <!-- test_case.TC002 -->
    </test> <!-- Test -->
  </suite> <!-- Suite -->
</testng-results>
